PHPUnit 9.6.31 by Sebastian Bergmann and contributors.

Warning:       No code coverage driver available

..................................F{#8912
  +"message": "Wrong number of segments"
}
.FFFEE                         41 / 41 (100%)

Time: 00:01.001, Memory: 34.00 MB

There were 2 errors:

1) Fishdaa\CognitoGuard\Tests\Feature\JwksServiceTest::testDownloadJwks
Illuminate\Http\Client\ConnectionException: cURL error 6: Could not resolve host: cognito-idp.some_region.amazonaws.com (see https://curl.haxx.se/libcurl/c/libcurl-errors.html) for https://cognito-idp.some_region.amazonaws.com/SOME_POOL_ID/.well-known/jwks.json

/opt/cognito-jwt-guard/vendor/laravel/framework/src/Illuminate/Http/Client/PendingRequest.php:711
/opt/cognito-jwt-guard/vendor/laravel/framework/src/Illuminate/Support/helpers.php:234
/opt/cognito-jwt-guard/vendor/laravel/framework/src/Illuminate/Http/Client/PendingRequest.php:697
/opt/cognito-jwt-guard/vendor/laravel/framework/src/Illuminate/Http/Client/PendingRequest.php:567
/opt/cognito-jwt-guard/vendor/laravel/framework/src/Illuminate/Http/Client/Factory.php:392
/opt/cognito-jwt-guard/vendor/laravel/framework/src/Illuminate/Support/Facades/Facade.php:261
/opt/cognito-jwt-guard/src/JwksService.php:42
/opt/cognito-jwt-guard/tests/Feature/JwksServiceTest.php:18

Caused by
GuzzleHttp\Exception\ConnectException: cURL error 6: Could not resolve host: cognito-idp.some_region.amazonaws.com (see https://curl.haxx.se/libcurl/c/libcurl-errors.html) for https://cognito-idp.some_region.amazonaws.com/SOME_POOL_ID/.well-known/jwks.json

/opt/cognito-jwt-guard/vendor/guzzlehttp/guzzle/src/Handler/CurlFactory.php:277
/opt/cognito-jwt-guard/vendor/guzzlehttp/guzzle/src/Handler/CurlFactory.php:207
/opt/cognito-jwt-guard/vendor/guzzlehttp/guzzle/src/Handler/CurlFactory.php:159
/opt/cognito-jwt-guard/vendor/guzzlehttp/guzzle/src/Handler/CurlHandler.php:47
/opt/cognito-jwt-guard/vendor/guzzlehttp/guzzle/src/Handler/Proxy.php:28
/opt/cognito-jwt-guard/vendor/guzzlehttp/guzzle/src/Handler/Proxy.php:48
/opt/cognito-jwt-guard/vendor/laravel/framework/src/Illuminate/Http/Client/PendingRequest.php:945
/opt/cognito-jwt-guard/vendor/laravel/framework/src/Illuminate/Http/Client/PendingRequest.php:915
/opt/cognito-jwt-guard/vendor/laravel/framework/src/Illuminate/Http/Client/PendingRequest.php:901
/opt/cognito-jwt-guard/vendor/guzzlehttp/guzzle/src/PrepareBodyMiddleware.php:35
/opt/cognito-jwt-guard/vendor/guzzlehttp/guzzle/src/Middleware.php:38
/opt/cognito-jwt-guard/vendor/guzzlehttp/guzzle/src/RedirectMiddleware.php:71
/opt/cognito-jwt-guard/vendor/guzzlehttp/guzzle/src/Middleware.php:63
/opt/cognito-jwt-guard/vendor/guzzlehttp/guzzle/src/HandlerStack.php:75
/opt/cognito-jwt-guard/vendor/guzzlehttp/guzzle/src/Client.php:333
/opt/cognito-jwt-guard/vendor/guzzlehttp/guzzle/src/Client.php:169
/opt/cognito-jwt-guard/vendor/guzzlehttp/guzzle/src/Client.php:189
/opt/cognito-jwt-guard/vendor/laravel/framework/src/Illuminate/Http/Client/PendingRequest.php:767
/opt/cognito-jwt-guard/vendor/laravel/framework/src/Illuminate/Http/Client/PendingRequest.php:699
/opt/cognito-jwt-guard/vendor/laravel/framework/src/Illuminate/Support/helpers.php:234
/opt/cognito-jwt-guard/vendor/laravel/framework/src/Illuminate/Http/Client/PendingRequest.php:697
/opt/cognito-jwt-guard/vendor/laravel/framework/src/Illuminate/Http/Client/PendingRequest.php:567
/opt/cognito-jwt-guard/vendor/laravel/framework/src/Illuminate/Http/Client/Factory.php:392
/opt/cognito-jwt-guard/vendor/laravel/framework/src/Illuminate/Support/Facades/Facade.php:261
/opt/cognito-jwt-guard/src/JwksService.php:42
/opt/cognito-jwt-guard/tests/Feature/JwksServiceTest.php:18

2) Fishdaa\CognitoGuard\Tests\Feature\JwksServiceTest::testGetJwks
Illuminate\Http\Client\ConnectionException: cURL error 6: Could not resolve host: cognito-idp.some_region.amazonaws.com (see https://curl.haxx.se/libcurl/c/libcurl-errors.html) for https://cognito-idp.some_region.amazonaws.com/SOME_POOL_ID/.well-known/jwks.json

/opt/cognito-jwt-guard/vendor/laravel/framework/src/Illuminate/Http/Client/PendingRequest.php:711
/opt/cognito-jwt-guard/vendor/laravel/framework/src/Illuminate/Support/helpers.php:234
/opt/cognito-jwt-guard/vendor/laravel/framework/src/Illuminate/Http/Client/PendingRequest.php:697
/opt/cognito-jwt-guard/vendor/laravel/framework/src/Illuminate/Http/Client/PendingRequest.php:567
/opt/cognito-jwt-guard/vendor/laravel/framework/src/Illuminate/Http/Client/Factory.php:392
/opt/cognito-jwt-guard/vendor/laravel/framework/src/Illuminate/Support/Facades/Facade.php:261
/opt/cognito-jwt-guard/src/JwksService.php:42
/opt/cognito-jwt-guard/src/JwksService.php:25
/opt/cognito-jwt-guard/vendor/laravel/framework/src/Illuminate/Cache/Repository.php:391
/opt/cognito-jwt-guard/vendor/laravel/framework/src/Illuminate/Cache/CacheManager.php:418
/opt/cognito-jwt-guard/vendor/laravel/framework/src/Illuminate/Support/Facades/Facade.php:261
/opt/cognito-jwt-guard/src/JwksService.php:24
/opt/cognito-jwt-guard/tests/Feature/JwksServiceTest.php:30

Caused by
GuzzleHttp\Exception\ConnectException: cURL error 6: Could not resolve host: cognito-idp.some_region.amazonaws.com (see https://curl.haxx.se/libcurl/c/libcurl-errors.html) for https://cognito-idp.some_region.amazonaws.com/SOME_POOL_ID/.well-known/jwks.json

/opt/cognito-jwt-guard/vendor/guzzlehttp/guzzle/src/Handler/CurlFactory.php:277
/opt/cognito-jwt-guard/vendor/guzzlehttp/guzzle/src/Handler/CurlFactory.php:207
/opt/cognito-jwt-guard/vendor/guzzlehttp/guzzle/src/Handler/CurlFactory.php:159
/opt/cognito-jwt-guard/vendor/guzzlehttp/guzzle/src/Handler/CurlHandler.php:47
/opt/cognito-jwt-guard/vendor/guzzlehttp/guzzle/src/Handler/Proxy.php:28
/opt/cognito-jwt-guard/vendor/guzzlehttp/guzzle/src/Handler/Proxy.php:48
/opt/cognito-jwt-guard/vendor/laravel/framework/src/Illuminate/Http/Client/PendingRequest.php:945
/opt/cognito-jwt-guard/vendor/laravel/framework/src/Illuminate/Http/Client/PendingRequest.php:915
/opt/cognito-jwt-guard/vendor/laravel/framework/src/Illuminate/Http/Client/PendingRequest.php:901
/opt/cognito-jwt-guard/vendor/guzzlehttp/guzzle/src/PrepareBodyMiddleware.php:35
/opt/cognito-jwt-guard/vendor/guzzlehttp/guzzle/src/Middleware.php:38
/opt/cognito-jwt-guard/vendor/guzzlehttp/guzzle/src/RedirectMiddleware.php:71
/opt/cognito-jwt-guard/vendor/guzzlehttp/guzzle/src/Middleware.php:63
/opt/cognito-jwt-guard/vendor/guzzlehttp/guzzle/src/HandlerStack.php:75
/opt/cognito-jwt-guard/vendor/guzzlehttp/guzzle/src/Client.php:333
/opt/cognito-jwt-guard/vendor/guzzlehttp/guzzle/src/Client.php:169
/opt/cognito-jwt-guard/vendor/guzzlehttp/guzzle/src/Client.php:189
/opt/cognito-jwt-guard/vendor/laravel/framework/src/Illuminate/Http/Client/PendingRequest.php:767
/opt/cognito-jwt-guard/vendor/laravel/framework/src/Illuminate/Http/Client/PendingRequest.php:699
/opt/cognito-jwt-guard/vendor/laravel/framework/src/Illuminate/Support/helpers.php:234
/opt/cognito-jwt-guard/vendor/laravel/framework/src/Illuminate/Http/Client/PendingRequest.php:697
/opt/cognito-jwt-guard/vendor/laravel/framework/src/Illuminate/Http/Client/PendingRequest.php:567
/opt/cognito-jwt-guard/vendor/laravel/framework/src/Illuminate/Http/Client/Factory.php:392
/opt/cognito-jwt-guard/vendor/laravel/framework/src/Illuminate/Support/Facades/Facade.php:261
/opt/cognito-jwt-guard/src/JwksService.php:42
/opt/cognito-jwt-guard/src/JwksService.php:25
/opt/cognito-jwt-guard/vendor/laravel/framework/src/Illuminate/Cache/Repository.php:391
/opt/cognito-jwt-guard/vendor/laravel/framework/src/Illuminate/Cache/CacheManager.php:418
/opt/cognito-jwt-guard/vendor/laravel/framework/src/Illuminate/Support/Facades/Facade.php:261
/opt/cognito-jwt-guard/src/JwksService.php:24
/opt/cognito-jwt-guard/tests/Feature/JwksServiceTest.php:30

--

There were 4 failures:

1) Fishdaa\CognitoGuard\Tests\Feature\CognitoGuardTest::testGuardWithExistingUser
Expected response status code [>=200, <300] but received 401.
Failed asserting that false is true.

/opt/cognito-jwt-guard/vendor/laravel/framework/src/Illuminate/Testing/TestResponse.php:84
/opt/cognito-jwt-guard/tests/Feature/CognitoGuardTest.php:40

2) Fishdaa\CognitoGuard\Tests\Feature\CognitoGuardTest::testGuardCreatesSsoUserFromCookie
Expected response status code [>=200, <300] but received 401.
Failed asserting that false is true.

/opt/cognito-jwt-guard/vendor/laravel/framework/src/Illuminate/Testing/TestResponse.php:84
/opt/cognito-jwt-guard/tests/Feature/CognitoGuardTest.php:82

3) Fishdaa\CognitoGuard\Tests\Feature\CognitoGuardTest::testGuardCreatesSsoUserBearerToken
Expected response status code [>=200, <300] but received 401.
Failed asserting that false is true.

/opt/cognito-jwt-guard/vendor/laravel/framework/src/Illuminate/Testing/TestResponse.php:84
/opt/cognito-jwt-guard/tests/Feature/CognitoGuardTest.php:101

4) Fishdaa\CognitoGuard\Tests\Feature\CognitoGuardTest::testGuardWithExpiredToken
Expected response status code [401] but received 500.

The following exception occurred during the request:

GuzzleHttp\Exception\ConnectException: cURL error 6: Could not resolve host: cognito-idp.some_region.amazonaws.com (see https://curl.haxx.se/libcurl/c/libcurl-errors.html) for https://cognito-idp.some_region.amazonaws.com/SOME_POOL_ID/.well-known/jwks.json in /opt/cognito-jwt-guard/vendor/guzzlehttp/guzzle/src/Handler/CurlFactory.php:277
Stack trace:
#0 /opt/cognito-jwt-guard/vendor/guzzlehttp/guzzle/src/Handler/CurlFactory.php(207): GuzzleHttp\Handler\CurlFactory::createRejection(Object(GuzzleHttp\Handler\EasyHandle), Array)
#1 /opt/cognito-jwt-guard/vendor/guzzlehttp/guzzle/src/Handler/CurlFactory.php(159): GuzzleHttp\Handler\CurlFactory::finishError(Object(GuzzleHttp\Handler\CurlHandler), Object(GuzzleHttp\Handler\EasyHandle), Object(GuzzleHttp\Handler\CurlFactory))
#2 /opt/cognito-jwt-guard/vendor/guzzlehttp/guzzle/src/Handler/CurlHandler.php(47): GuzzleHttp\Handler\CurlFactory::finish(Object(GuzzleHttp\Handler\CurlHandler), Object(GuzzleHttp\Handler\EasyHandle), Object(GuzzleHttp\Handler\CurlFactory))
#3 /opt/cognito-jwt-guard/vendor/guzzlehttp/guzzle/src/Handler/Proxy.php(28): GuzzleHttp\Handler\CurlHandler->__invoke(Object(GuzzleHttp\Psr7\Request), Array)
#4 /opt/cognito-jwt-guard/vendor/guzzlehttp/guzzle/src/Handler/Proxy.php(48): GuzzleHttp\Handler\Proxy::GuzzleHttp\Handler\{closure}(Object(GuzzleHttp\Psr7\Request), Array)
#5 /opt/cognito-jwt-guard/vendor/laravel/framework/src/Illuminate/Http/Client/PendingRequest.php(945): GuzzleHttp\Handler\Proxy::GuzzleHttp\Handler\{closure}(Object(GuzzleHttp\Psr7\Request), Array)
#6 /opt/cognito-jwt-guard/vendor/laravel/framework/src/Illuminate/Http/Client/PendingRequest.php(915): Illuminate\Http\Client\PendingRequest->Illuminate\Http\Client\{closure}(Object(GuzzleHttp\Psr7\Request), Array)
#7 /opt/cognito-jwt-guard/vendor/laravel/framework/src/Illuminate/Http/Client/PendingRequest.php(901): Illuminate\Http\Client\PendingRequest->Illuminate\Http\Client\{closure}(Object(GuzzleHttp\Psr7\Request), Array)
#8 /opt/cognito-jwt-guard/vendor/guzzlehttp/guzzle/src/PrepareBodyMiddleware.php(35): Illuminate\Http\Client\PendingRequest->Illuminate\Http\Client\{closure}(Object(GuzzleHttp\Psr7\Request), Array)
#9 /opt/cognito-jwt-guard/vendor/guzzlehttp/guzzle/src/Middleware.php(38): GuzzleHttp\PrepareBodyMiddleware->__invoke(Object(GuzzleHttp\Psr7\Request), Array)
#10 /opt/cognito-jwt-guard/vendor/guzzlehttp/guzzle/src/RedirectMiddleware.php(71): GuzzleHttp\Middleware::GuzzleHttp\{closure}(Object(GuzzleHttp\Psr7\Request), Array)
#11 /opt/cognito-jwt-guard/vendor/guzzlehttp/guzzle/src/Middleware.php(63): GuzzleHttp\RedirectMiddleware->__invoke(Object(GuzzleHttp\Psr7\Request), Array)
#12 /opt/cognito-jwt-guard/vendor/guzzlehttp/guzzle/src/HandlerStack.php(75): GuzzleHttp\Middleware::GuzzleHttp\{closure}(Object(GuzzleHttp\Psr7\Request), Array)
#13 /opt/cognito-jwt-guard/vendor/guzzlehttp/guzzle/src/Client.php(333): GuzzleHttp\HandlerStack->__invoke(Object(GuzzleHttp\Psr7\Request), Array)
#14 /opt/cognito-jwt-guard/vendor/guzzlehttp/guzzle/src/Client.php(169): GuzzleHttp\Client->transfer(Object(GuzzleHttp\Psr7\Request), Array)
#15 /opt/cognito-jwt-guard/vendor/guzzlehttp/guzzle/src/Client.php(189): GuzzleHttp\Client->requestAsync('GET', Object(GuzzleHttp\Psr7\Uri), Array)
#16 /opt/cognito-jwt-guard/vendor/laravel/framework/src/Illuminate/Http/Client/PendingRequest.php(767): GuzzleHttp\Client->request('GET', 'https://cognito...', Array)
#17 /opt/cognito-jwt-guard/vendor/laravel/framework/src/Illuminate/Http/Client/PendingRequest.php(699): Illuminate\Http\Client\PendingRequest->sendRequest('GET', 'https://cognito...', Array)
#18 /opt/cognito-jwt-guard/vendor/laravel/framework/src/Illuminate/Support/helpers.php(234): Illuminate\Http\Client\PendingRequest->Illuminate\Http\Client\{closure}(1)
#19 /opt/cognito-jwt-guard/vendor/laravel/framework/src/Illuminate/Http/Client/PendingRequest.php(697): retry(0, Object(Closure), 100, NULL)
#20 /opt/cognito-jwt-guard/vendor/laravel/framework/src/Illuminate/Http/Client/PendingRequest.php(567): Illuminate\Http\Client\PendingRequest->send('GET', 'https://cognito...', Array)
#21 /opt/cognito-jwt-guard/vendor/laravel/framework/src/Illuminate/Http/Client/Factory.php(392): Illuminate\Http\Client\PendingRequest->get('https://cognito...')
#22 /opt/cognito-jwt-guard/vendor/laravel/framework/src/Illuminate/Support/Facades/Facade.php(261): Illuminate\Http\Client\Factory->__call('get', Array)
#23 /opt/cognito-jwt-guard/src/JwksService.php(42): Illuminate\Support\Facades\Facade::__callStatic('get', Array)
#24 /opt/cognito-jwt-guard/src/JwksService.php(25): Fishdaa\CognitoGuard\JwksService->downloadJwks('SOME_REGION', 'SOME_POOL_ID')
#25 /opt/cognito-jwt-guard/vendor/laravel/framework/src/Illuminate/Cache/Repository.php(391): Fishdaa\CognitoGuard\JwksService->Fishdaa\CognitoGuard\{closure}()
#26 /opt/cognito-jwt-guard/vendor/laravel/framework/src/Illuminate/Cache/CacheManager.php(418): Illuminate\Cache\Repository->remember('cognito:jwks-SO...', 3600, Object(Closure))
#27 /opt/cognito-jwt-guard/vendor/laravel/framework/src/Illuminate/Support/Facades/Facade.php(261): Illuminate\Cache\CacheManager->__call('remember', Array)
#28 /opt/cognito-jwt-guard/src/JwksService.php(24): Illuminate\Support\Facades\Facade::__callStatic('remember', Array)
#29 /opt/cognito-jwt-guard/src/TokenService.php(73): Fishdaa\CognitoGuard\JwksService->getJwks('SOME_REGION', 'SOME_POOL_ID')
#30 /opt/cognito-jwt-guard/src/TokenService.php(53): Fishdaa\CognitoGuard\TokenService->decode('eyJraWQiOiJwcFZ...')
#31 /opt/cognito-jwt-guard/src/CognitoGuard.php(57): Fishdaa\CognitoGuard\TokenService->getCognitoUuidFromToken('eyJraWQiOiJwcFZ...')
#32 /opt/cognito-jwt-guard/vendor/laravel/framework/src/Illuminate/Auth/GuardHelpers.php(60): Fishdaa\CognitoGuard\CognitoGuard->user()
#33 /opt/cognito-jwt-guard/vendor/laravel/framework/src/Illuminate/Auth/Middleware/Authenticate.php(63): Fishdaa\CognitoGuard\CognitoGuard->check()
#34 /opt/cognito-jwt-guard/vendor/laravel/framework/src/Illuminate/Auth/Middleware/Authenticate.php(42): Illuminate\Auth\Middleware\Authenticate->authenticate(Object(Illuminate\Http\Request), Array)
#35 /opt/cognito-jwt-guard/vendor/laravel/framework/src/Illuminate/Pipeline/Pipeline.php(167): Illuminate\Auth\Middleware\Authenticate->handle(Object(Illuminate\Http\Request), Object(Closure))
#36 /opt/cognito-jwt-guard/vendor/laravel/framework/src/Illuminate/Pipeline/Pipeline.php(103): Illuminate\Pipeline\Pipeline->Illuminate\Pipeline\{closure}(Object(Illuminate\Http\Request))
#37 /opt/cognito-jwt-guard/vendor/laravel/framework/src/Illuminate/Routing/Router.php(719): Illuminate\Pipeline\Pipeline->then(Object(Closure))
#38 /opt/cognito-jwt-guard/vendor/laravel/framework/src/Illuminate/Routing/Router.php(698): Illuminate\Routing\Router->runRouteWithinStack(Object(Illuminate\Routing\Route), Object(Illuminate\Http\Request))
#39 /opt/cognito-jwt-guard/vendor/laravel/framework/src/Illuminate/Routing/Router.php(662): Illuminate\Routing\Router->runRoute(Object(Illuminate\Http\Request), Object(Illuminate\Routing\Route))
#40 /opt/cognito-jwt-guard/vendor/laravel/framework/src/Illuminate/Routing/Router.php(651): Illuminate\Routing\Router->dispatchToRoute(Object(Illuminate\Http\Request))
#41 /opt/cognito-jwt-guard/vendor/laravel/framework/src/Illuminate/Foundation/Http/Kernel.php(167): Illuminate\Routing\Router->dispatch(Object(Illuminate\Http\Request))
#42 /opt/cognito-jwt-guard/vendor/laravel/framework/src/Illuminate/Pipeline/Pipeline.php(128): Illuminate\Foundation\Http\Kernel->Illuminate\Foundation\Http\{closure}(Object(Illuminate\Http\Request))
#43 /opt/cognito-jwt-guard/vendor/laravel/framework/src/Illuminate/Foundation/Http/Middleware/TransformsRequest.php(21): Illuminate\Pipeline\Pipeline->Illuminate\Pipeline\{closure}(Object(Illuminate\Http\Request))
#44 /opt/cognito-jwt-guard/vendor/laravel/framework/src/Illuminate/Foundation/Http/Middleware/ConvertEmptyStringsToNull.php(31): Illuminate\Foundation\Http\Middleware\TransformsRequest->handle(Object(Illuminate\Http\Request), Object(Closure))
#45 /opt/cognito-jwt-guard/vendor/laravel/framework/src/Illuminate/Pipeline/Pipeline.php(167): Illuminate\Foundation\Http\Middleware\ConvertEmptyStringsToNull->handle(Object(Illuminate\Http\Request), Object(Closure))
#46 /opt/cognito-jwt-guard/vendor/laravel/framework/src/Illuminate/Foundation/Http/Middleware/TransformsRequest.php(21): Illuminate\Pipeline\Pipeline->Illuminate\Pipeline\{closure}(Object(Illuminate\Http\Request))
#47 /opt/cognito-jwt-guard/vendor/laravel/framework/src/Illuminate/Foundation/Http/Middleware/TrimStrings.php(40): Illuminate\Foundation\Http\Middleware\TransformsRequest->handle(Object(Illuminate\Http\Request), Object(Closure))
#48 /opt/cognito-jwt-guard/vendor/laravel/framework/src/Illuminate/Pipeline/Pipeline.php(167): Illuminate\Foundation\Http\Middleware\TrimStrings->handle(Object(Illuminate\Http\Request), Object(Closure))
#49 /opt/cognito-jwt-guard/vendor/laravel/framework/src/Illuminate/Foundation/Http/Middleware/ValidatePostSize.php(27): Illuminate\Pipeline\Pipeline->Illuminate\Pipeline\{closure}(Object(Illuminate\Http\Request))
#50 /opt/cognito-jwt-guard/vendor/laravel/framework/src/Illuminate/Pipeline/Pipeline.php(167): Illuminate\Foundation\Http\Middleware\ValidatePostSize->handle(Object(Illuminate\Http\Request), Object(Closure))
#51 /opt/cognito-jwt-guard/vendor/laravel/framework/src/Illuminate/Pipeline/Pipeline.php(103): Illuminate\Pipeline\Pipeline->Illuminate\Pipeline\{closure}(Object(Illuminate\Http\Request))
#52 /opt/cognito-jwt-guard/vendor/laravel/framework/src/Illuminate/Foundation/Http/Kernel.php(142): Illuminate\Pipeline\Pipeline->then(Object(Closure))
#53 /opt/cognito-jwt-guard/vendor/laravel/framework/src/Illuminate/Foundation/Http/Kernel.php(111): Illuminate\Foundation\Http\Kernel->sendRequestThroughRouter(Object(Illuminate\Http\Request))
#54 /opt/cognito-jwt-guard/vendor/laravel/framework/src/Illuminate/Foundation/Testing/Concerns/MakesHttpRequests.php(509): Illuminate\Foundation\Http\Kernel->handle(Object(Illuminate\Http\Request))
#55 /opt/cognito-jwt-guard/vendor/laravel/framework/src/Illuminate/Foundation/Testing/Concerns/MakesHttpRequests.php(475): Orchestra\Testbench\TestCase->call('GET', '/user', Array, Array, Array, Array, '[]')
#56 /opt/cognito-jwt-guard/vendor/laravel/framework/src/Illuminate/Foundation/Testing/Concerns/MakesHttpRequests.php(306): Orchestra\Testbench\TestCase->json('GET', '/user', Array, Array)
#57 /opt/cognito-jwt-guard/tests/Feature/CognitoGuardTest.php(118): Orchestra\Testbench\TestCase->getJson('/user')
#58 /opt/cognito-jwt-guard/vendor/phpunit/phpunit/src/Framework/TestCase.php(1617): Fishdaa\CognitoGuard\Tests\Feature\CognitoGuardTest->testGuardWithExpiredToken()
#59 /opt/cognito-jwt-guard/vendor/phpunit/phpunit/src/Framework/TestCase.php(1223): PHPUnit\Framework\TestCase->runTest()
#60 /opt/cognito-jwt-guard/vendor/phpunit/phpunit/src/Framework/TestResult.php(729): PHPUnit\Framework\TestCase->runBare()
#61 /opt/cognito-jwt-guard/vendor/phpunit/phpunit/src/Framework/TestCase.php(973): PHPUnit\Framework\TestResult->run(Object(Fishdaa\CognitoGuard\Tests\Feature\CognitoGuardTest))
#62 /opt/cognito-jwt-guard/vendor/phpunit/phpunit/src/Framework/TestSuite.php(685): PHPUnit\Framework\TestCase->run(Object(PHPUnit\Framework\TestResult))
#63 /opt/cognito-jwt-guard/vendor/phpunit/phpunit/src/Framework/TestSuite.php(685): PHPUnit\Framework\TestSuite->run(Object(PHPUnit\Framework\TestResult))
#64 /opt/cognito-jwt-guard/vendor/phpunit/phpunit/src/Framework/TestSuite.php(685): PHPUnit\Framework\TestSuite->run(Object(PHPUnit\Framework\TestResult))
#65 /opt/cognito-jwt-guard/vendor/phpunit/phpunit/src/TextUI/TestRunner.php(651): PHPUnit\Framework\TestSuite->run(Object(PHPUnit\Framework\TestResult))
#66 /opt/cognito-jwt-guard/vendor/phpunit/phpunit/src/TextUI/Command.php(146): PHPUnit\TextUI\TestRunner->run(Object(PHPUnit\Framework\TestSuite), Array, Array, true)
#67 /opt/cognito-jwt-guard/vendor/phpunit/phpunit/src/TextUI/Command.php(99): PHPUnit\TextUI\Command->run(Array, true)
#68 /opt/cognito-jwt-guard/vendor/phpunit/phpunit/phpunit(107): PHPUnit\TextUI\Command::main()
#69 /opt/cognito-jwt-guard/vendor/bin/phpunit(122): include('/opt/cognito-jw...')
#70 {main}

Next Illuminate\Http\Client\ConnectionException: cURL error 6: Could not resolve host: cognito-idp.some_region.amazonaws.com (see https://curl.haxx.se/libcurl/c/libcurl-errors.html) for https://cognito-idp.some_region.amazonaws.com/SOME_POOL_ID/.well-known/jwks.json in /opt/cognito-jwt-guard/vendor/laravel/framework/src/Illuminate/Http/Client/PendingRequest.php:711
Stack trace:
#0 /opt/cognito-jwt-guard/vendor/laravel/framework/src/Illuminate/Support/helpers.php(234): Illuminate\Http\Client\PendingRequest->Illuminate\Http\Client\{closure}(1)
#1 /opt/cognito-jwt-guard/vendor/laravel/framework/src/Illuminate/Http/Client/PendingRequest.php(697): retry(0, Object(Closure), 100, NULL)
#2 /opt/cognito-jwt-guard/vendor/laravel/framework/src/Illuminate/Http/Client/PendingRequest.php(567): Illuminate\Http\Client\PendingRequest->send('GET', 'https://cognito...', Array)
#3 /opt/cognito-jwt-guard/vendor/laravel/framework/src/Illuminate/Http/Client/Factory.php(392): Illuminate\Http\Client\PendingRequest->get('https://cognito...')
#4 /opt/cognito-jwt-guard/vendor/laravel/framework/src/Illuminate/Support/Facades/Facade.php(261): Illuminate\Http\Client\Factory->__call('get', Array)
#5 /opt/cognito-jwt-guard/src/JwksService.php(42): Illuminate\Support\Facades\Facade::__callStatic('get', Array)
#6 /opt/cognito-jwt-guard/src/JwksService.php(25): Fishdaa\CognitoGuard\JwksService->downloadJwks('SOME_REGION', 'SOME_POOL_ID')
#7 /opt/cognito-jwt-guard/vendor/laravel/framework/src/Illuminate/Cache/Repository.php(391): Fishdaa\CognitoGuard\JwksService->Fishdaa\CognitoGuard\{closure}()
#8 /opt/cognito-jwt-guard/vendor/laravel/framework/src/Illuminate/Cache/CacheManager.php(418): Illuminate\Cache\Repository->remember('cognito:jwks-SO...', 3600, Object(Closure))
#9 /opt/cognito-jwt-guard/vendor/laravel/framework/src/Illuminate/Support/Facades/Facade.php(261): Illuminate\Cache\CacheManager->__call('remember', Array)
#10 /opt/cognito-jwt-guard/src/JwksService.php(24): Illuminate\Support\Facades\Facade::__callStatic('remember', Array)
#11 /opt/cognito-jwt-guard/src/TokenService.php(73): Fishdaa\CognitoGuard\JwksService->getJwks('SOME_REGION', 'SOME_POOL_ID')
#12 /opt/cognito-jwt-guard/src/TokenService.php(53): Fishdaa\CognitoGuard\TokenService->decode('eyJraWQiOiJwcFZ...')
#13 /opt/cognito-jwt-guard/src/CognitoGuard.php(57): Fishdaa\CognitoGuard\TokenService->getCognitoUuidFromToken('eyJraWQiOiJwcFZ...')
#14 /opt/cognito-jwt-guard/vendor/laravel/framework/src/Illuminate/Auth/GuardHelpers.php(60): Fishdaa\CognitoGuard\CognitoGuard->user()
#15 /opt/cognito-jwt-guard/vendor/laravel/framework/src/Illuminate/Auth/Middleware/Authenticate.php(63): Fishdaa\CognitoGuard\CognitoGuard->check()
#16 /opt/cognito-jwt-guard/vendor/laravel/framework/src/Illuminate/Auth/Middleware/Authenticate.php(42): Illuminate\Auth\Middleware\Authenticate->authenticate(Object(Illuminate\Http\Request), Array)
#17 /opt/cognito-jwt-guard/vendor/laravel/framework/src/Illuminate/Pipeline/Pipeline.php(167): Illuminate\Auth\Middleware\Authenticate->handle(Object(Illuminate\Http\Request), Object(Closure))
#18 /opt/cognito-jwt-guard/vendor/laravel/framework/src/Illuminate/Pipeline/Pipeline.php(103): Illuminate\Pipeline\Pipeline->Illuminate\Pipeline\{closure}(Object(Illuminate\Http\Request))
#19 /opt/cognito-jwt-guard/vendor/laravel/framework/src/Illuminate/Routing/Router.php(719): Illuminate\Pipeline\Pipeline->then(Object(Closure))
#20 /opt/cognito-jwt-guard/vendor/laravel/framework/src/Illuminate/Routing/Router.php(698): Illuminate\Routing\Router->runRouteWithinStack(Object(Illuminate\Routing\Route), Object(Illuminate\Http\Request))
#21 /opt/cognito-jwt-guard/vendor/laravel/framework/src/Illuminate/Routing/Router.php(662): Illuminate\Routing\Router->runRoute(Object(Illuminate\Http\Request), Object(Illuminate\Routing\Route))
#22 /opt/cognito-jwt-guard/vendor/laravel/framework/src/Illuminate/Routing/Router.php(651): Illuminate\Routing\Router->dispatchToRoute(Object(Illuminate\Http\Request))
#23 /opt/cognito-jwt-guard/vendor/laravel/framework/src/Illuminate/Foundation/Http/Kernel.php(167): Illuminate\Routing\Router->dispatch(Object(Illuminate\Http\Request))
#24 /opt/cognito-jwt-guard/vendor/laravel/framework/src/Illuminate/Pipeline/Pipeline.php(128): Illuminate\Foundation\Http\Kernel->Illuminate\Foundation\Http\{closure}(Object(Illuminate\Http\Request))
#25 /opt/cognito-jwt-guard/vendor/laravel/framework/src/Illuminate/Foundation/Http/Middleware/TransformsRequest.php(21): Illuminate\Pipeline\Pipeline->Illuminate\Pipeline\{closure}(Object(Illuminate\Http\Request))
#26 /opt/cognito-jwt-guard/vendor/laravel/framework/src/Illuminate/Foundation/Http/Middleware/ConvertEmptyStringsToNull.php(31): Illuminate\Foundation\Http\Middleware\TransformsRequest->handle(Object(Illuminate\Http\Request), Object(Closure))
#27 /opt/cognito-jwt-guard/vendor/laravel/framework/src/Illuminate/Pipeline/Pipeline.php(167): Illuminate\Foundation\Http\Middleware\ConvertEmptyStringsToNull->handle(Object(Illuminate\Http\Request), Object(Closure))
#28 /opt/cognito-jwt-guard/vendor/laravel/framework/src/Illuminate/Foundation/Http/Middleware/TransformsRequest.php(21): Illuminate\Pipeline\Pipeline->Illuminate\Pipeline\{closure}(Object(Illuminate\Http\Request))
#29 /opt/cognito-jwt-guard/vendor/laravel/framework/src/Illuminate/Foundation/Http/Middleware/TrimStrings.php(40): Illuminate\Foundation\Http\Middleware\TransformsRequest->handle(Object(Illuminate\Http\Request), Object(Closure))
#30 /opt/cognito-jwt-guard/vendor/laravel/framework/src/Illuminate/Pipeline/Pipeline.php(167): Illuminate\Foundation\Http\Middleware\TrimStrings->handle(Object(Illuminate\Http\Request), Object(Closure))
#31 /opt/cognito-jwt-guard/vendor/laravel/framework/src/Illuminate/Foundation/Http/Middleware/ValidatePostSize.php(27): Illuminate\Pipeline\Pipeline->Illuminate\Pipeline\{closure}(Object(Illuminate\Http\Request))
#32 /opt/cognito-jwt-guard/vendor/laravel/framework/src/Illuminate/Pipeline/Pipeline.php(167): Illuminate\Foundation\Http\Middleware\ValidatePostSize->handle(Object(Illuminate\Http\Request), Object(Closure))
#33 /opt/cognito-jwt-guard/vendor/laravel/framework/src/Illuminate/Pipeline/Pipeline.php(103): Illuminate\Pipeline\Pipeline->Illuminate\Pipeline\{closure}(Object(Illuminate\Http\Request))
#34 /opt/cognito-jwt-guard/vendor/laravel/framework/src/Illuminate/Foundation/Http/Kernel.php(142): Illuminate\Pipeline\Pipeline->then(Object(Closure))
#35 /opt/cognito-jwt-guard/vendor/laravel/framework/src/Illuminate/Foundation/Http/Kernel.php(111): Illuminate\Foundation\Http\Kernel->sendRequestThroughRouter(Object(Illuminate\Http\Request))
#36 /opt/cognito-jwt-guard/vendor/laravel/framework/src/Illuminate/Foundation/Testing/Concerns/MakesHttpRequests.php(509): Illuminate\Foundation\Http\Kernel->handle(Object(Illuminate\Http\Request))
#37 /opt/cognito-jwt-guard/vendor/laravel/framework/src/Illuminate/Foundation/Testing/Concerns/MakesHttpRequests.php(475): Orchestra\Testbench\TestCase->call('GET', '/user', Array, Array, Array, Array, '[]')
#38 /opt/cognito-jwt-guard/vendor/laravel/framework/src/Illuminate/Foundation/Testing/Concerns/MakesHttpRequests.php(306): Orchestra\Testbench\TestCase->json('GET', '/user', Array, Array)
#39 /opt/cognito-jwt-guard/tests/Feature/CognitoGuardTest.php(118): Orchestra\Testbench\TestCase->getJson('/user')
#40 /opt/cognito-jwt-guard/vendor/phpunit/phpunit/src/Framework/TestCase.php(1617): Fishdaa\CognitoGuard\Tests\Feature\CognitoGuardTest->testGuardWithExpiredToken()
#41 /opt/cognito-jwt-guard/vendor/phpunit/phpunit/src/Framework/TestCase.php(1223): PHPUnit\Framework\TestCase->runTest()
#42 /opt/cognito-jwt-guard/vendor/phpunit/phpunit/src/Framework/TestResult.php(729): PHPUnit\Framework\TestCase->runBare()
#43 /opt/cognito-jwt-guard/vendor/phpunit/phpunit/src/Framework/TestCase.php(973): PHPUnit\Framework\TestResult->run(Object(Fishdaa\CognitoGuard\Tests\Feature\CognitoGuardTest))
#44 /opt/cognito-jwt-guard/vendor/phpunit/phpunit/src/Framework/TestSuite.php(685): PHPUnit\Framework\TestCase->run(Object(PHPUnit\Framework\TestResult))
#45 /opt/cognito-jwt-guard/vendor/phpunit/phpunit/src/Framework/TestSuite.php(685): PHPUnit\Framework\TestSuite->run(Object(PHPUnit\Framework\TestResult))
#46 /opt/cognito-jwt-guard/vendor/phpunit/phpunit/src/Framework/TestSuite.php(685): PHPUnit\Framework\TestSuite->run(Object(PHPUnit\Framework\TestResult))
#47 /opt/cognito-jwt-guard/vendor/phpunit/phpunit/src/TextUI/TestRunner.php(651): PHPUnit\Framework\TestSuite->run(Object(PHPUnit\Framework\TestResult))
#48 /opt/cognito-jwt-guard/vendor/phpunit/phpunit/src/TextUI/Command.php(146): PHPUnit\TextUI\TestRunner->run(Object(PHPUnit\Framework\TestSuite), Array, Array, true)
#49 /opt/cognito-jwt-guard/vendor/phpunit/phpunit/src/TextUI/Command.php(99): PHPUnit\TextUI\Command->run(Array, true)
#50 /opt/cognito-jwt-guard/vendor/phpunit/phpunit/phpunit(107): PHPUnit\TextUI\Command::main()
#51 /opt/cognito-jwt-guard/vendor/bin/phpunit(122): include('/opt/cognito-jw...')
#52 {main}
Failed asserting that 401 is identical to 500.

/opt/cognito-jwt-guard/vendor/laravel/framework/src/Illuminate/Testing/TestResponse.php:177
/opt/cognito-jwt-guard/tests/Feature/CognitoGuardTest.php:119

ERRORS!
Tests: 41, Assertions: 74, Errors: 2, Failures: 4.
